<?xml version="1.0" encoding="UTF-8"?>
<!-- Generated by org.testng.reporters.JUnitReportReporter -->
<testsuite hostname="Flynn" failures="0" tests="2" name="testPackBarclays.BarclayTestNG" time="10.765" errors="0" timestamp="2023-01-27T10:59:25 IST" skipped="0">
  <testcase classname="testPackBarclays.BarclayTestNG" name="Test1" time="2.287"/>
  <system-out/>
  <testcase classname="testPackBarclays.BarclayTestNG" name="Test2" time="8.478"/>
  <system-out/>
</testsuite> <!-- testPackBarclays.BarclayTestNG -->
