<?xml version="1.0" encoding="UTF-8"?>
<!-- Generated by org.testng.reporters.JUnitReportReporter -->
<testsuite hostname="Flynn" failures="0" tests="1" name="TestNGPack.TestNgClass" time="6.926" errors="0" timestamp="2023-01-25T19:55:24 IST" skipped="0">
  <testcase classname="TestNGPack.TestNgClass" name="test2" time="6.926"/>
  <system-out/>
</testsuite> <!-- TestNGPack.TestNgClass -->
