<?xml version="1.0" encoding="UTF-8"?>
<!-- Generated by org.testng.reporters.JUnitReportReporter -->
<testsuite hostname="Flynn" failures="0" tests="25" name="TestNg.TestNgClass1" time="247.481" errors="1" timestamp="2023-02-05T19:16:14 IST" skipped="6">
  <testcase classname="TestNg.TestNgClass1" name="Test1" time="20.531"/>
  <system-out/>
  <testcase classname="TestNg.TestNgClass1" name="Test4" time="5.541"/>
  <system-out/>
  <testcase classname="TestNg.TestNgClass1" name="Test6" time="13.030"/>
  <system-out/>
  <testcase classname="TestNg.TestNgClass1" name="Test5" time="15.834"/>
  <system-out/>
  <testcase classname="TestNg.TestNgClass1" name="Test1" time="27.776"/>
  <system-out/>
  <testcase classname="TestNg.TestNgClass1" name="Test2" time="11.674"/>
  <system-out/>
  <testcase classname="TestNg.TestNgClass1" name="Test2" time="18.562"/>
  <system-out/>
  <testcase classname="TestNg.TestNgClass1" name="Test2" time="11.650"/>
  <system-out/>
  <testcase classname="TestNg.TestNgClass1" name="Test1" time="18.119"/>
  <system-out/>
  <testcase classname="TestNg.TestNgClass1" name="Test5" time="13.047"/>
  <system-out/>
  <testcase classname="TestNg.TestNgClass1" name="Test3" time="13.051"/>
  <system-out/>
  <testcase classname="TestNg.TestNgClass1" name="Test4" time="0.000">
    <skipped/>
  </testcase> <!-- Test4 -->
  <system-out/>
  <testcase classname="TestNg.TestNgClass1" name="Test6" time="0.000">
    <skipped/>
  </testcase> <!-- Test6 -->
  <system-out/>
  <testcase classname="TestNg.TestNgClass1" name="openBrowser" time="0.181">
    <error message="unknown error: cannot find Opera binary
  (Driver info: operadriver=109.0.5414.120 (168eebf2055fd26ca8c71787b7b3f9fe7c90d13d-refs/branch-heads/5414@{#1459}),platform=Windows NT 10.0.22621 x86_64) (WARNING: The server did not provide any stacktrace information)
Command duration or timeout: 18 milliseconds
Build info: version: &#039;3.141.59&#039;, revision: &#039;e82be7d358&#039;, time: &#039;2018-11-14T08:17:03&#039;
System info: host: &#039;FLYNN&#039;, ip: &#039;192.168.1.6&#039;, os.name: &#039;Windows 11&#039;, os.arch: &#039;amd64&#039;, os.version: &#039;10.0&#039;, java.version: &#039;17.0.5&#039;
Driver info: driver.version: OperaDriver" type="org.openqa.selenium.WebDriverException">
      <![CDATA[org.openqa.selenium.WebDriverException: unknown error: cannot find Opera binary
  (Driver info: operadriver=109.0.5414.120 (168eebf2055fd26ca8c71787b7b3f9fe7c90d13d-refs/branch-heads/5414@{#1459}),platform=Windows NT 10.0.22621 x86_64) (WARNING: The server did not provide any stacktrace information)
Command duration or timeout: 18 milliseconds
Build info: version: '3.141.59', revision: 'e82be7d358', time: '2018-11-14T08:17:03'
System info: host: 'FLYNN', ip: '192.168.1.6', os.name: 'Windows 11', os.arch: 'amd64', os.version: '10.0', java.version: '17.0.5'
Driver info: driver.version: OperaDriver
at java.base/jdk.internal.reflect.NativeConstructorAccessorImpl.newInstance0(Native Method)
at java.base/jdk.internal.reflect.NativeConstructorAccessorImpl.newInstance(NativeConstructorAccessorImpl.java:77)
at java.base/jdk.internal.reflect.DelegatingConstructorAccessorImpl.newInstance(DelegatingConstructorAccessorImpl.java:45)
at java.base/java.lang.reflect.Constructor.newInstanceWithCaller(Constructor.java:499)
at java.base/java.lang.reflect.Constructor.newInstance(Constructor.java:480)
at org.openqa.selenium.remote.ErrorHandler.createThrowable(ErrorHandler.java:214)
at org.openqa.selenium.remote.ErrorHandler.throwIfResponseFailed(ErrorHandler.java:166)
at org.openqa.selenium.remote.JsonWireProtocolResponse.lambda$errorHandler$0(JsonWireProtocolResponse.java:54)
at org.openqa.selenium.remote.HandshakeResponse.lambda$getResponseFunction$0(HandshakeResponse.java:30)
at org.openqa.selenium.remote.ProtocolHandshake.lambda$createSession$0(ProtocolHandshake.java:126)
at java.base/java.util.stream.ReferencePipeline$3$1.accept(ReferencePipeline.java:197)
at java.base/java.util.Spliterators$ArraySpliterator.tryAdvance(Spliterators.java:1002)
at java.base/java.util.stream.ReferencePipeline.forEachWithCancel(ReferencePipeline.java:129)
at java.base/java.util.stream.AbstractPipeline.copyIntoWithCancel(AbstractPipeline.java:527)
at java.base/java.util.stream.AbstractPipeline.copyInto(AbstractPipeline.java:513)
at java.base/java.util.stream.AbstractPipeline.wrapAndCopyInto(AbstractPipeline.java:499)
at java.base/java.util.stream.FindOps$FindOp.evaluateSequential(FindOps.java:150)
at java.base/java.util.stream.AbstractPipeline.evaluate(AbstractPipeline.java:234)
at java.base/java.util.stream.ReferencePipeline.findFirst(ReferencePipeline.java:647)
at org.openqa.selenium.remote.ProtocolHandshake.createSession(ProtocolHandshake.java:128)
at org.openqa.selenium.remote.ProtocolHandshake.createSession(ProtocolHandshake.java:74)
at org.openqa.selenium.remote.HttpCommandExecutor.execute(HttpCommandExecutor.java:136)
at org.openqa.selenium.remote.service.DriverCommandExecutor.execute(DriverCommandExecutor.java:83)
at org.openqa.selenium.remote.RemoteWebDriver.execute(RemoteWebDriver.java:552)
at org.openqa.selenium.remote.RemoteWebDriver.startSession(RemoteWebDriver.java:213)
at org.openqa.selenium.remote.RemoteWebDriver.<init>(RemoteWebDriver.java:131)
at org.openqa.selenium.opera.OperaDriver.<init>(OperaDriver.java:173)
at org.openqa.selenium.opera.OperaDriver.<init>(OperaDriver.java:160)
at org.openqa.selenium.opera.OperaDriver.<init>(OperaDriver.java:115)
at TestNg.TestNgClass1.openBrowser(TestNgClass1.java:75)
at java.base/jdk.internal.reflect.NativeMethodAccessorImpl.invoke0(Native Method)
at java.base/jdk.internal.reflect.NativeMethodAccessorImpl.invoke(NativeMethodAccessorImpl.java:77)
at java.base/jdk.internal.reflect.DelegatingMethodAccessorImpl.invoke(DelegatingMethodAccessorImpl.java:43)
at java.base/java.lang.reflect.Method.invoke(Method.java:568)
at org.testng.internal.MethodInvocationHelper.invokeMethod(MethodInvocationHelper.java:133)
at org.testng.internal.MethodInvocationHelper.invokeMethodConsideringTimeout(MethodInvocationHelper.java:62)
at org.testng.internal.ConfigInvoker.invokeConfigurationMethod(ConfigInvoker.java:385)
at org.testng.internal.ConfigInvoker.invokeConfigurations(ConfigInvoker.java:321)
at org.testng.TestRunner.invokeTestConfigurations(TestRunner.java:637)
at org.testng.TestRunner.beforeRun(TestRunner.java:627)
at org.testng.TestRunner.run(TestRunner.java:589)
at org.testng.SuiteRunner.runTest(SuiteRunner.java:377)
at org.testng.SuiteRunner.runSequentially(SuiteRunner.java:371)
at org.testng.SuiteRunner.privateRun(SuiteRunner.java:332)
at org.testng.SuiteRunner.run(SuiteRunner.java:276)
at org.testng.SuiteRunnerWorker.runSuite(SuiteRunnerWorker.java:53)
at org.testng.SuiteRunnerWorker.run(SuiteRunnerWorker.java:96)
at org.testng.TestNG.runSuitesSequentially(TestNG.java:1212)
at org.testng.TestNG.runSuitesLocally(TestNG.java:1134)
at org.testng.TestNG.runSuites(TestNG.java:1063)
at org.testng.TestNG.run(TestNG.java:1031)
at org.testng.remote.AbstractRemoteTestNG.run(AbstractRemoteTestNG.java:115)
at org.testng.remote.RemoteTestNG.initAndRun(RemoteTestNG.java:251)
at org.testng.remote.RemoteTestNG.main(RemoteTestNG.java:77)
]]>
    </error>
  </testcase> <!-- openBrowser -->
  <system-out/>
  <testcase classname="TestNg.TestNgClass1" name="Test6" time="13.040"/>
  <system-out/>
  <testcase classname="TestNg.TestNgClass1" name="Test5" time="0.000">
    <skipped/>
  </testcase> <!-- Test5 -->
  <system-out/>
  <testcase classname="TestNg.TestNgClass1" name="Test1" time="0.000">
    <skipped/>
  </testcase> <!-- Test1 -->
  <system-out/>
  <testcase classname="TestNg.TestNgClass1" name="Test4" time="13.026"/>
  <system-out/>
  <testcase classname="TestNg.TestNgClass1" name="Test5" time="13.060"/>
  <system-out/>
  <testcase classname="TestNg.TestNgClass1" name="Test3" time="0.000">
    <skipped/>
  </testcase> <!-- Test3 -->
  <system-out/>
  <testcase classname="TestNg.TestNgClass1" name="Test3" time="5.600"/>
  <system-out/>
  <testcase classname="TestNg.TestNgClass1" name="Test6" time="7.645"/>
  <system-out/>
  <testcase classname="TestNg.TestNgClass1" name="Test2" time="0.000">
    <skipped/>
  </testcase> <!-- Test2 -->
  <system-out/>
  <testcase classname="TestNg.TestNgClass1" name="Test4" time="13.094"/>
  <system-out/>
  <testcase classname="TestNg.TestNgClass1" name="Test3" time="13.020"/>
  <system-out/>
</testsuite> <!-- TestNg.TestNgClass1 -->
